<?xml version="1.0" encoding="UTF-8"?>
<!-- Generated by org.testng.reporters.JUnitXMLReporter -->
<testsuite ignored="0" hostname="Sasikumar" failures="1" tests="1" name="Test" time="4.505" errors="0" timestamp="2025-09-22T21:04:17 IST">
  <testcase classname="org.example.GoRestAPI" name="listUsers" time="4.35">
    <failure type="java.lang.NullPointerException" message="Cannot read field &amp;quot;response&amp;quot; because &amp;quot;this.goRestAPI&amp;quot; is null">
      <![CDATA[java.lang.NullPointerException: Cannot read field "response" because "this.goRestAPI" is null
at org.example.Listieners.onTestSuccess(Listieners.java:34)
at java.base/java.util.ArrayList.forEach(ArrayList.java:1604)
... Removed 24 stack frames]]>
    </failure>
  </testcase> <!-- listUsers -->
</testsuite> <!-- Test -->
