<?xml version="1.0" encoding="UTF-8"?>
<testng-results ignored="0" total="1" passed="1" failed="0" skipped="0">
  <reporter-output>
  </reporter-output>
  <suite started-at="2025-09-22T22:06:15 IST" name="Default suite" finished-at="2025-09-22T22:06:19 IST" duration-ms="4615">
    <groups>
    </groups>
    <test started-at="2025-09-22T22:06:15 IST" name="Default test" finished-at="2025-09-22T22:06:19 IST" duration-ms="4615">
      <class name="org.example.GoRestAPI">
        <test-method is-config="true" signature="launch()[pri:0, instance:org.example.GoRestAPI@d23e042]" started-at="2025-09-22T22:06:15 IST" name="launch" finished-at="2025-09-22T22:06:15 IST" duration-ms="257" status="PASS">
          <reporter-output>
          </reporter-output>
        </test-method> <!-- launch -->
        <test-method signature="listUsers()[pri:0, instance:org.example.GoRestAPI@d23e042]" started-at="2025-09-22T22:06:15 IST" name="listUsers" finished-at="2025-09-22T22:06:19 IST" duration-ms="4463" status="PASS">
          <reporter-output>
          </reporter-output>
        </test-method> <!-- listUsers -->
        <test-method is-config="true" signature="showReports()[pri:0, instance:org.example.GoRestAPI@d23e042]" started-at="2025-09-22T22:06:19 IST" name="showReports" finished-at="2025-09-22T22:06:21 IST" duration-ms="1062" status="PASS">
          <reporter-output>
          </reporter-output>
        </test-method> <!-- showReports -->
      </class> <!-- org.example.GoRestAPI -->
    </test> <!-- Default test -->
  </suite> <!-- Default suite -->
</testng-results>
